<?xml version="1.0" encoding="UTF-8"?>
<!-- Generated by org.testng.reporters.JUnitXMLReporter -->
<testsuite ignored="0" hostname="DESKTOP-5P8GHBG" failures="0" tests="1" name="Test-Runner-2" time="8.521" errors="0" timestamp="2023-10-13T20:05:54 IST">
  <testcase classname="contactsTests.CreateContactsWithOrganizationTest" name="createContactsWithOrganizationTest" time="0.001">
    <skipped/>
  </testcase> <!-- createContactsWithOrganizationTest -->
</testsuite> <!-- Test-Runner-2 -->
