<?xml version="1.0" encoding="UTF-8"?>
<!-- Generated by org.testng.reporters.JUnitXMLReporter -->
<testsuite ignored="0" hostname="DESKTOP-5P8GHBG" failures="0" tests="1" name="Test-Runner-2" time="170.283" errors="0" timestamp="2023-10-31T15:18:05 IST">
  <testcase classname="contactsTests.CreateContactsWithOrganizationTest" name="createContactsWithOrganizationTest" time="0.0">
    <skipped/>
  </testcase> <!-- createContactsWithOrganizationTest -->
</testsuite> <!-- Test-Runner-2 -->
