<?xml version="1.0" encoding="UTF-8"?>
<!-- Generated by org.testng.reporters.JUnitXMLReporter -->
<testsuite ignored="0" hostname="DESKTOP-5P8GHBG" failures="0" tests="1" name="Test-Runner-1" time="24.25" errors="0" timestamp="2023-10-31T15:15:39 IST">
  <testcase classname="contactsTests.CreateContactTest" name="createContactTest" time="13.84"/>
</testsuite> <!-- Test-Runner-1 -->
