<?xml version="1.0" encoding="UTF-8"?>
<!-- Generated by org.testng.reporters.JUnitXMLReporter -->
<testsuite ignored="0" hostname="DESKTOP-5P8GHBG" failures="0" tests="1" name="Test-Runner-3" time="81.633" errors="0" timestamp="2023-10-13T20:07:07 IST">
  <testcase classname="organizationTests.CreateOrganizationTest" name="createOrganizationTest" time="53.845"/>
</testsuite> <!-- Test-Runner-3 -->
