<?xml version="1.0" encoding="UTF-8"?>
<!-- Generated by org.testng.reporters.JUnitReportReporter -->
<testsuite hostname="DESKTOP-5P8GHBG" failures="0" tests="1" name="Practice.ReadDataFromCMDLine" time="0.022" errors="0" timestamp="2023-10-25T19:58:31 IST" skipped="0">
  <testcase classname="Practice.ReadDataFromCMDLine" name="read" time="0.022"/>
</testsuite> <!-- Practice.ReadDataFromCMDLine -->
