<?xml version="1.0" encoding="UTF-8"?>
<!-- Generated by org.testng.reporters.JUnitReportReporter -->
<testsuite hostname="DESKTOP-5P8GHBG" failures="0" tests="1" name="organizationTests.CreateOrganizationWithIndustryAndTypeTest" time="21.186" errors="0" timestamp="2023-10-09T20:08:55 IST" skipped="0">
  <testcase classname="organizationTests.CreateOrganizationWithIndustryAndTypeTest" name="createOrgWithIndustryAndTypeTest" time="21.186"/>
</testsuite> <!-- organizationTests.CreateOrganizationWithIndustryAndTypeTest -->
