<?xml version="1.0" encoding="UTF-8"?>
<!-- Generated by org.testng.reporters.JUnitReportReporter -->
<testsuite hostname="DESKTOP-5P8GHBG" failures="0" tests="1" name="contactsTests.CreateContactTest" time="17.642" errors="0" timestamp="2023-10-31T15:18:05 IST" skipped="0">
  <testcase classname="contactsTests.CreateContactTest" name="createContactTest" time="17.642">
    <system-out>
      <![CDATA[click on contact
click on contact look up image
fill the mandatory field
validate]]>
    </system-out>
  </testcase> <!-- createContactTest -->
  <system-out>
    <![CDATA[click on contact
click on contact look up image
fill the mandatory field
validate]]>
  </system-out>
</testsuite> <!-- contactsTests.CreateContactTest -->
