<?xml version="1.0" encoding="UTF-8"?>
<!-- Generated by org.testng.reporters.JUnitReportReporter -->
<testsuite hostname="DESKTOP-5P8GHBG" failures="0" tests="3" name="Practice.ReadDataFromExcelSheetWithDataProvider" time="0.029" errors="0" timestamp="2023-10-06T15:15:04 IST" skipped="0">
  <testcase classname="Practice.ReadDataFromExcelSheetWithDataProvider" name="readDataFromWithDataProvider" time="0.008"/>
  <testcase classname="Practice.ReadDataFromExcelSheetWithDataProvider" name="readDataFromWithDataProvider" time="0.003"/>
  <testcase classname="Practice.ReadDataFromExcelSheetWithDataProvider" name="readDataFromWithDataProvider" time="0.018"/>
</testsuite> <!-- Practice.ReadDataFromExcelSheetWithDataProvider -->
