<?xml version="1.0" encoding="UTF-8"?>
<!-- Generated by org.testng.reporters.JUnitReportReporter -->
<testsuite hostname="DESKTOP-5P8GHBG" failures="0" tests="1" name="organizationTests.CreateOrganizationWithIndustryTest" time="20.986" errors="0" timestamp="2023-10-09T20:08:15 IST" skipped="0">
  <testcase classname="organizationTests.CreateOrganizationWithIndustryTest" name="createOrganizationWithIndustryTest" time="20.986"/>
</testsuite> <!-- organizationTests.CreateOrganizationWithIndustryTest -->
