<?xml version="1.0" encoding="UTF-8"?>
<!-- Generated by org.testng.reporters.JUnitReportReporter -->
<testsuite hostname="DESKTOP-5P8GHBG" failures="0" tests="1" name="contactsTests.CreateContactsWithOrganizationTest" time="32.407" errors="0" timestamp="2023-10-18T18:55:36 IST" skipped="0">
  <testcase classname="contactsTests.CreateContactsWithOrganizationTest" name="createContactsWithOrganizationTest" time="32.407"/>
  <system-out>
    <![CDATA[click on contact
click on contact look up image
fill the mandatory field
validate]]>
  </system-out>
</testsuite> <!-- contactsTests.CreateContactsWithOrganizationTest -->
