<?xml version="1.0" encoding="UTF-8"?>
<!-- Generated by org.testng.reporters.JUnitReportReporter -->
<testsuite hostname="DESKTOP-5P8GHBG" failures="0" tests="1" name="organizationTests.CreateOrganizationTest" time="17.844" errors="0" timestamp="2023-10-31T15:18:05 IST" skipped="0">
  <testcase classname="organizationTests.CreateOrganizationTest" name="createOrganizationTest" time="17.844"/>
  <system-out>
    <![CDATA[click on contact
click on contact look up image
fill the mandatory field
validate]]>
  </system-out>
</testsuite> <!-- organizationTests.CreateOrganizationTest -->
